npm warn exec The following package was not found and will be installed: azure-functions-core-tools@4.6.0
Resolving worker runtime to 'node'.
'local.settings.json' found in root directory (/root/app/code/api).


Azure Functions Core Tools
Core Tools Version:       4.6.0+ab90faafcab539d63cd3d0ce5faf1bca4395fccc (64-bit)
Function Runtime Version: 4.1045.200.25556

[2026-01-02T04:39:31.868Z] Node.js v20 will reach EOL on 2026-04. Consider upgrading: https://aka.ms/functions-nodejs-supported-versions
[2026-01-02T04:39:40.584Z] [api/index.js] Starting handler registration...
[2026-01-02T04:39:40.585Z] [api] Registering: health
[2026-01-02T04:39:40.585Z] [api] Registering: ping
[2026-01-02T04:39:40.585Z] [api] Failed to load health: Cannot find module '@azure/functions'
[2026-01-02T04:39:40.585Z] Require stack:
[2026-01-02T04:39:40.585Z] - /root/app/code/api/health/index.js
[2026-01-02T04:39:40.585Z] - /root/app/code/api/index.js
[2026-01-02T04:39:40.585Z] - /root/.npm/_npx/ea74a7a3cf090e3c/node_modules/azure-functions-core-tools/bin/workers/node/dist/src/worker-bundle.js
[2026-01-02T04:39:40.585Z] - /root/.npm/_npx/ea74a7a3cf090e3c/node_modules/azure-functions-core-tools/bin/workers/node/dist/src/nodejsWorker.js
[2026-01-02T04:39:40.585Z] [api] Failed to load ping: Cannot find module '@azure/functions'
[2026-01-02T04:39:40.585Z] Require stack:
[2026-01-02T04:39:40.585Z] - /root/app/code/api/ping/index.js
[2026-01-02T04:39:40.585Z] - /root/app/code/api/index.js
[2026-01-02T04:39:40.585Z] - /root/.npm/_npx/ea74a7a3cf090e3c/node_modules/azure-functions-core-tools/bin/workers/node/dist/src/worker-bundle.js
[2026-01-02T04:39:40.586Z] - /root/.npm/_npx/ea74a7a3cf090e3c/node_modules/azure-functions-core-tools/bin/workers/node/dist/src/nodejsWorker.js
[2026-01-02T04:39:40.586Z] [api] Failed to load version: Cannot find module '@azure/functions'
[2026-01-02T04:39:40.586Z] Require stack:
[2026-01-02T04:39:40.586Z] - /root/app/code/api/version/index.js
[2026-01-02T04:39:40.586Z] - /root/app/code/api/index.js
[2026-01-02T04:39:40.586Z] - /root/.npm/_npx/ea74a7a3cf090e3c/node_modules/azure-functions-core-tools/bin/workers/node/dist/src/worker-bundle.js
[2026-01-02T04:39:40.586Z] - /root/.npm/_npx/ea74a7a3cf090e3c/node_modules/azure-functions-core-tools/bin/workers/node/dist/src/nodejsWorker.js
[2026-01-02T04:39:40.586Z] [api] Failed to load hello: Cannot find module '@azure/functions'
[2026-01-02T04:39:40.586Z] Require stack:
[2026-01-02T04:39:40.586Z] - /root/app/code/api/hello/index.js
[2026-01-02T04:39:40.586Z] - /root/app/code/api/index.js
[2026-01-02T04:39:40.586Z] - /root/.npm/_npx/ea74a7a3cf090e3c/node_modules/azure-functions-core-tools/bin/workers/node/dist/src/worker-bundle.js
[2026-01-02T04:39:40.586Z] - /root/.npm/_npx/ea74a7a3cf090e3c/node_modules/azure-functions-core-tools/bin/workers/node/dist/src/nodejsWorker.js
[2026-01-02T04:39:40.586Z] [api] Registering: version
[2026-01-02T04:39:40.586Z] [api] Registering: diag
[2026-01-02T04:39:40.586Z] [api] ✓ diag registered
[2026-01-02T04:39:40.587Z] [api] Registering: _diag-hello
[2026-01-02T04:39:40.587Z] [api] ✓ _diag-hello registered
[2026-01-02T04:39:40.587Z] [api] Registering: hello
[2026-01-02T04:39:40.587Z] [api] Registering: proxy-xai
[2026-01-02T04:39:40.587Z] [api] Failed to load proxy-xai: Cannot find module '@azure/functions'
[2026-01-02T04:39:40.587Z] Require stack:
[2026-01-02T04:39:40.587Z] - /root/app/code/api/proxy-xai/index.js
[2026-01-02T04:39:40.587Z] - /root/app/code/api/index.js
[2026-01-02T04:39:40.587Z] - /root/.npm/_npx/ea74a7a3cf090e3c/node_modules/azure-functions-core-tools/bin/workers/node/dist/src/worker-bundle.js
[2026-01-02T04:39:40.587Z] - /root/.npm/_npx/ea74a7a3cf090e3c/node_modules/azure-functions-core-tools/bin/workers/node/dist/src/nodejsWorker.js
[2026-01-02T04:39:40.587Z] [api] Failed to load v1-chat-completions: Cannot find module '@azure/functions'
[2026-01-02T04:39:40.587Z] Require stack:
[2026-01-02T04:39:40.587Z] - /root/app/code/api/v1-chat-completions/index.js
[2026-01-02T04:39:40.587Z] - /root/app/code/api/index.js
[2026-01-02T04:39:40.587Z] - /root/.npm/_npx/ea74a7a3cf090e3c/node_modules/azure-functions-core-tools/bin/workers/node/dist/src/worker-bundle.js
[2026-01-02T04:39:40.587Z] - /root/.npm/_npx/ea74a7a3cf090e3c/node_modules/azure-functions-core-tools/bin/workers/node/dist/src/nodejsWorker.js
[2026-01-02T04:39:40.587Z] [api] Failed to load _debug-ingress-latest: Cannot find module '@azure/functions'
[2026-01-02T04:39:40.587Z] Require stack:
[2026-01-02T04:39:40.588Z] - /root/app/code/api/_debug-ingress-latest/index.js
[2026-01-02T04:39:40.588Z] - /root/app/code/api/index.js
[2026-01-02T04:39:40.588Z] - /root/.npm/_npx/ea74a7a3cf090e3c/node_modules/azure-functions-core-tools/bin/workers/node/dist/src/worker-bundle.js
[2026-01-02T04:39:40.588Z] - /root/.npm/_npx/ea74a7a3cf090e3c/node_modules/azure-functions-core-tools/bin/workers/node/dist/src/nodejsWorker.js
[2026-01-02T04:39:40.588Z] [api] Failed to load _debug-egress-latest: Cannot find module '@azure/functions'
[2026-01-02T04:39:40.588Z] Require stack:
[2026-01-02T04:39:40.588Z] - /root/app/code/api/_debug-egress-latest/index.js
[2026-01-02T04:39:40.588Z] - /root/app/code/api/index.js
[2026-01-02T04:39:40.588Z] - /root/.npm/_npx/ea74a7a3cf090e3c/node_modules/azure-functions-core-tools/bin/workers/node/dist/src/worker-bundle.js
[2026-01-02T04:39:40.588Z] - /root/.npm/_npx/ea74a7a3cf090e3c/node_modules/azure-functions-core-tools/bin/workers/node/dist/src/nodejsWorker.js
[2026-01-02T04:39:40.588Z] [api] Failed to load submit-review: Cannot find module '@azure/functions'
[2026-01-02T04:39:40.588Z] Require stack:
[2026-01-02T04:39:40.588Z] - /root/app/code/api/submit-review/index.js
[2026-01-02T04:39:40.588Z] - /root/app/code/api/index.js
[2026-01-02T04:39:40.588Z] - /root/.npm/_npx/ea74a7a3cf090e3c/node_modules/azure-functions-core-tools/bin/workers/node/dist/src/worker-bundle.js
[2026-01-02T04:39:40.588Z] - /root/.npm/_npx/ea74a7a3cf090e3c/node_modules/azure-functions-core-tools/bin/workers/node/dist/src/nodejsWorker.js
[2026-01-02T04:39:40.588Z] [api] Registering: v1-chat-completions
[2026-01-02T04:39:40.588Z] [api] Registering: _debug-ingress-latest
[2026-01-02T04:39:40.589Z] [api] Registering: _debug-egress-latest
[2026-01-02T04:39:40.589Z] [api] Registering: submit-review
[2026-01-02T04:39:40.589Z] [api] Registering: get-reviews
[2026-01-02T04:39:40.589Z] [api] Registering: xadmin-api-recalc-review-counts
[2026-01-02T04:39:40.589Z] [api] Registering: search-companies
[2026-01-02T04:39:40.589Z] [api] Failed to load xadmin-api-recalc-review-counts: Cannot find module '@azure/functions'
[2026-01-02T04:39:40.589Z] Require stack:
[2026-01-02T04:39:40.589Z] - /root/app/code/api/admin-recalc-review-counts/index.js
[2026-01-02T04:39:40.589Z] - /root/app/code/api/index.js
[2026-01-02T04:39:40.589Z] - /root/.npm/_npx/ea74a7a3cf090e3c/node_modules/azure-functions-core-tools/bin/workers/node/dist/src/worker-bundle.js
[2026-01-02T04:39:40.589Z] - /root/.npm/_npx/ea74a7a3cf090e3c/node_modules/azure-functions-core-tools/bin/workers/node/dist/src/nodejsWorker.js
[2026-01-02T04:39:40.589Z] [api] ❌ Failed to load suggest-refinements: Cannot find module '@azure/functions'
[2026-01-02T04:39:40.589Z] Require stack:
[2026-01-02T04:39:40.589Z] - /root/app/code/api/suggest-refinements/index.js
[2026-01-02T04:39:40.589Z] - /root/app/code/api/index.js
[2026-01-02T04:39:40.589Z] - /root/.npm/_npx/ea74a7a3cf090e3c/node_modules/azure-functions-core-tools/bin/workers/node/dist/src/worker-bundle.js
[2026-01-02T04:39:40.589Z] - /root/.npm/_npx/ea74a7a3cf090e3c/node_modules/azure-functions-core-tools/bin/workers/node/dist/src/nodejsWorker.js
[2026-01-02T04:39:40.589Z] [api] ❌ Failed to load suggest-cities: Cannot find module '@azure/functions'
[2026-01-02T04:39:40.589Z] Require stack:
[2026-01-02T04:39:40.589Z] - /root/app/code/api/suggest-cities/index.js
[2026-01-02T04:39:40.589Z] - /root/app/code/api/index.js
[2026-01-02T04:39:40.589Z] - /root/.npm/_npx/ea74a7a3cf090e3c/node_modules/azure-functions-core-tools/bin/workers/node/dist/src/worker-bundle.js
[2026-01-02T04:39:40.589Z] - /root/.npm/_npx/ea74a7a3cf090e3c/node_modules/azure-functions-core-tools/bin/workers/node/dist/src/nodejsWorker.js
[2026-01-02T04:39:40.589Z] [api] ❌ Failed to load suggest-states: Cannot find module '@azure/functions'
[2026-01-02T04:39:40.590Z] Require stack:
[2026-01-02T04:39:40.590Z] - /root/app/code/api/suggest-states/index.js
[2026-01-02T04:39:40.590Z] - /root/app/code/api/index.js
[2026-01-02T04:39:40.590Z] - /root/.npm/_npx/ea74a7a3cf090e3c/node_modules/azure-functions-core-tools/bin/workers/node/dist/src/worker-bundle.js
[2026-01-02T04:39:40.590Z] - /root/.npm/_npx/ea74a7a3cf090e3c/node_modules/azure-functions-core-tools/bin/workers/node/dist/src/nodejsWorker.js
[2026-01-02T04:39:40.590Z] [api] Registering: suggest-refinements
[2026-01-02T04:39:40.590Z] [api] Registering: suggest-cities
[2026-01-02T04:39:40.590Z] [api] Registering: suggest-states
[2026-01-02T04:39:40.590Z] [api] Registering: save-companies
[2026-01-02T04:39:40.590Z] [api] Registering: logo-scrape
[2026-01-02T04:39:40.590Z] [api] Registering: cosmos-smoke
[2026-01-02T04:39:40.590Z] [api] Registering: import-start
[2026-01-02T04:39:40.590Z] [api] Failed to load logo-scrape: Cannot find module '@azure/functions'
[2026-01-02T04:39:40.590Z] Require stack:
[2026-01-02T04:39:40.590Z] - /root/app/code/api/logo-scrape/index.js
[2026-01-02T04:39:40.590Z] - /root/app/code/api/index.js
[2026-01-02T04:39:40.590Z] - /root/.npm/_npx/ea74a7a3cf090e3c/node_modules/azure-functions-core-tools/bin/workers/node/dist/src/worker-bundle.js
[2026-01-02T04:39:40.590Z] - /root/.npm/_npx/ea74a7a3cf090e3c/node_modules/azure-functions-core-tools/bin/workers/node/dist/src/nodejsWorker.js
[2026-01-02T04:39:40.663Z] [import-start] module_loaded {
[2026-01-02T04:39:40.663Z]   handler_version: 'ded-import-start-662cbaeb0e53',
[2026-01-02T04:39:40.663Z]   build_id: '662cbaeb0e537a1fb751a0d9bb337d51872e719b'
[2026-01-02T04:39:40.663Z] }
[2026-01-02T04:39:40.663Z] [api] Registering: import-backend-ping
[2026-01-02T04:39:40.663Z] [api] Registering: import-status
[2026-01-02T04:39:40.663Z] [api] Registering: import-progress
[2026-01-02T04:39:40.663Z] [api] Registering: import-stop
[2026-01-02T04:39:40.663Z] [api] Registering: import/primary-worker
[2026-01-02T04:39:40.664Z] [api] Registering: google/geocode
[2026-01-02T04:39:40.664Z] [api] Failed to load import-progress: Cannot find module '@azure/functions'
[2026-01-02T04:39:40.664Z] Require stack:
[2026-01-02T04:39:40.664Z] - /root/app/code/api/import-progress/index.js
[2026-01-02T04:39:40.664Z] - /root/app/code/api/index.js
[2026-01-02T04:39:40.664Z] - /root/.npm/_npx/ea74a7a3cf090e3c/node_modules/azure-functions-core-tools/bin/workers/node/dist/src/worker-bundle.js
[2026-01-02T04:39:40.664Z] - /root/.npm/_npx/ea74a7a3cf090e3c/node_modules/azure-functions-core-tools/bin/workers/node/dist/src/nodejsWorker.js
[2026-01-02T04:39:40.664Z] [api] Failed to load import-stop: Cannot find module '@azure/functions'
[2026-01-02T04:39:40.664Z] Require stack:
[2026-01-02T04:39:40.664Z] - /root/app/code/api/import-stop/index.js
[2026-01-02T04:39:40.664Z] - /root/app/code/api/index.js
[2026-01-02T04:39:40.664Z] - /root/.npm/_npx/ea74a7a3cf090e3c/node_modules/azure-functions-core-tools/bin/workers/node/dist/src/worker-bundle.js
[2026-01-02T04:39:40.664Z] - /root/.npm/_npx/ea74a7a3cf090e3c/node_modules/azure-functions-core-tools/bin/workers/node/dist/src/nodejsWorker.js
[2026-01-02T04:39:40.664Z] [api] Failed to load google/geocode: Cannot find module '@azure/functions'
[2026-01-02T04:39:40.664Z] Require stack:
[2026-01-02T04:39:40.664Z] - /root/app/code/api/google/geocode/index.js
[2026-01-02T04:39:40.664Z] - /root/app/code/api/index.js
[2026-01-02T04:39:40.664Z] - /root/.npm/_npx/ea74a7a3cf090e3c/node_modules/azure-functions-core-tools/bin/workers/node/dist/src/worker-bundle.js
[2026-01-02T04:39:40.664Z] - /root/.npm/_npx/ea74a7a3cf090e3c/node_modules/azure-functions-core-tools/bin/workers/node/dist/src/nodejsWorker.js
[2026-01-02T04:39:40.664Z] [api] Registering: google/translate
[2026-01-02T04:39:40.665Z] [api] Registering: test-echo
[2026-01-02T04:39:40.665Z] [api] Failed to load google/translate: Cannot find module '@azure/functions'
[2026-01-02T04:39:40.665Z] Require stack:
[2026-01-02T04:39:40.665Z] - /root/app/code/api/google/translate/index.js
[2026-01-02T04:39:40.665Z] - /root/app/code/api/index.js
[2026-01-02T04:39:40.665Z] - /root/.npm/_npx/ea74a7a3cf090e3c/node_modules/azure-functions-core-tools/bin/workers/node/dist/src/worker-bundle.js
[2026-01-02T04:39:40.743Z] - /root/.npm/_npx/ea74a7a3cf090e3c/node_modules/azure-functions-core-tools/bin/workers/node/dist/src/nodejsWorker.js
[2026-01-02T04:39:40.743Z] [api] ❌ Failed to load test-echo: Cannot find module '@azure/functions'
[2026-01-02T04:39:40.743Z] Require stack:
[2026-01-02T04:39:40.743Z] - /root/app/code/api/test-echo/index.js
[2026-01-02T04:39:40.743Z] - /root/app/code/api/index.js
[2026-01-02T04:39:40.743Z] - /root/.npm/_npx/ea74a7a3cf090e3c/node_modules/azure-functions-core-tools/bin/workers/node/dist/src/worker-bundle.js
[2026-01-02T04:39:40.743Z] - /root/.npm/_npx/ea74a7a3cf090e3c/node_modules/azure-functions-core-tools/bin/workers/node/dist/src/nodejsWorker.js
[2026-01-02T04:39:40.743Z] [api] Registering: companies-list
[2026-01-02T04:39:40.743Z] [companies-list] Starting module load...
[2026-01-02T04:39:40.743Z] [api] ❌ Failed to load companies-list: Cannot find module '@azure/functions'
[2026-01-02T04:39:40.744Z] Require stack:
[2026-01-02T04:39:40.744Z] - /root/app/code/api/companies-list/index.js
[2026-01-02T04:39:40.744Z] - /root/app/code/api/index.js
[2026-01-02T04:39:40.744Z] - /root/.npm/_npx/ea74a7a3cf090e3c/node_modules/azure-functions-core-tools/bin/workers/node/dist/src/worker-bundle.js
[2026-01-02T04:39:40.744Z] - /root/.npm/_npx/ea74a7a3cf090e3c/node_modules/azure-functions-core-tools/bin/workers/node/dist/src/nodejsWorker.js
[2026-01-02T04:39:40.744Z] [api] Registering: keywords-list
[2026-01-02T04:39:40.744Z] [api] ❌ Failed to load keywords-list: Cannot find module '@azure/functions'
[2026-01-02T04:39:40.744Z] Require stack:
[2026-01-02T04:39:40.744Z] - /root/app/code/api/keywords-list/index.js
[2026-01-02T04:39:40.744Z] - /root/app/code/api/index.js
[2026-01-02T04:39:40.744Z] - /root/.npm/_npx/ea74a7a3cf090e3c/node_modules/azure-functions-core-tools/bin/workers/node/dist/src/worker-bundle.js
[2026-01-02T04:39:40.744Z] - /root/.npm/_npx/ea74a7a3cf090e3c/node_modules/azure-functions-core-tools/bin/workers/node/dist/src/nodejsWorker.js
[2026-01-02T04:39:40.744Z] [keywords-list] Module loading started
[2026-01-02T04:39:40.744Z] [api] Registering: upload-logo-blob
[2026-01-02T04:39:40.744Z] [api] ❌ Failed to load upload-logo-blob: Cannot find module '@azure/functions'
[2026-01-02T04:39:40.744Z] Require stack:
[2026-01-02T04:39:40.745Z] - /root/app/code/api/upload-logo-blob/index.js
[2026-01-02T04:39:40.745Z] - /root/app/code/api/index.js
[2026-01-02T04:39:40.745Z] - /root/.npm/_npx/ea74a7a3cf090e3c/node_modules/azure-functions-core-tools/bin/workers/node/dist/src/worker-bundle.js
[2026-01-02T04:39:40.745Z] - /root/.npm/_npx/ea74a7a3cf090e3c/node_modules/azure-functions-core-tools/bin/workers/node/dist/src/nodejsWorker.js
[2026-01-02T04:39:40.745Z] [api] Registering: delete-logo-blob
[2026-01-02T04:39:40.745Z] [api] ❌ Failed to load delete-logo-blob: Cannot find module '@azure/functions'
[2026-01-02T04:39:40.745Z] Require stack:
[2026-01-02T04:39:40.745Z] - /root/app/code/api/delete-logo-blob/index.js
[2026-01-02T04:39:40.745Z] - /root/app/code/api/index.js
[2026-01-02T04:39:40.745Z] - /root/.npm/_npx/ea74a7a3cf090e3c/node_modules/azure-functions-core-tools/bin/workers/node/dist/src/worker-bundle.js
[2026-01-02T04:39:40.745Z] - /root/.npm/_npx/ea74a7a3cf090e3c/node_modules/azure-functions-core-tools/bin/workers/node/dist/src/nodejsWorker.js
[2026-01-02T04:39:40.745Z] [api] Registering: company-logo
[2026-01-02T04:39:40.745Z] [api] ✓ company-logo registered
[2026-01-02T04:39:40.745Z] [api] Registering: xadmin-api-logos
[2026-01-02T04:39:40.745Z] [api] ❌ Failed to load xadmin-api-logos: Cannot find module '@azure/functions'
[2026-01-02T04:39:40.745Z] Require stack:
[2026-01-02T04:39:40.746Z] - /root/app/code/api/xadmin-api-logos/index.js
[2026-01-02T04:39:40.746Z] - /root/app/code/api/index.js
[2026-01-02T04:39:40.746Z] - /root/.npm/_npx/ea74a7a3cf090e3c/node_modules/azure-functions-core-tools/bin/workers/node/dist/src/worker-bundle.js
[2026-01-02T04:39:40.746Z] - /root/.npm/_npx/ea74a7a3cf090e3c/node_modules/azure-functions-core-tools/bin/workers/node/dist/src/nodejsWorker.js
[2026-01-02T04:39:40.746Z] [api] Registering: retry-logo-import
[2026-01-02T04:39:40.746Z] [api] ❌ Failed to load retry-logo-import: Cannot find module '@azure/functions'
[2026-01-02T04:39:40.746Z] Require stack:
[2026-01-02T04:39:40.746Z] - /root/app/code/api/retry-logo-import/index.js
[2026-01-02T04:39:40.746Z] - /root/app/code/api/index.js
[2026-01-02T04:39:40.746Z] - /root/.npm/_npx/ea74a7a3cf090e3c/node_modules/azure-functions-core-tools/bin/workers/node/dist/src/worker-bundle.js
[2026-01-02T04:39:40.746Z] - /root/.npm/_npx/ea74a7a3cf090e3c/node_modules/azure-functions-core-tools/bin/workers/node/dist/src/nodejsWorker.js
[2026-01-02T04:39:40.746Z] [api] ❌ Failed to load admin-keywords: Identifier 'app' has already been declared
[2026-01-02T04:39:40.746Z] [api] ❌ Failed to load admin-analytics: Cannot find module '@azure/functions'
[2026-01-02T04:39:40.746Z] Require stack:
[2026-01-02T04:39:40.822Z] - /root/app/code/api/admin-analytics/index.js
[2026-01-02T04:39:40.823Z] - /root/app/code/api/index.js
[2026-01-02T04:39:40.823Z] - /root/.npm/_npx/ea74a7a3cf090e3c/node_modules/azure-functions-core-tools/bin/workers/node/dist/src/worker-bundle.js
[2026-01-02T04:39:40.823Z] - /root/.npm/_npx/ea74a7a3cf090e3c/node_modules/azure-functions-core-tools/bin/workers/node/dist/src/nodejsWorker.js
[2026-01-02T04:39:40.823Z] [api] ❌ Failed to load admin-batch-update: Cannot find module '@azure/functions'
[2026-01-02T04:39:40.823Z] Require stack:
[2026-01-02T04:39:40.823Z] - /root/app/code/api/admin-batch-update/index.js
[2026-01-02T04:39:40.823Z] - /root/app/code/api/index.js
[2026-01-02T04:39:40.823Z] - /root/.npm/_npx/ea74a7a3cf090e3c/node_modules/azure-functions-core-tools/bin/workers/node/dist/src/worker-bundle.js
[2026-01-02T04:39:40.823Z] - /root/.npm/_npx/ea74a7a3cf090e3c/node_modules/azure-functions-core-tools/bin/workers/node/dist/src/nodejsWorker.js
[2026-01-02T04:39:40.823Z] [api] ❌ Failed to load admin-bulk-import-config: Cannot find module '@azure/functions'
[2026-01-02T04:39:40.823Z] Require stack:
[2026-01-02T04:39:40.823Z] - /root/app/code/api/admin-bulk-import-config/index.js
[2026-01-02T04:39:40.823Z] - /root/app/code/api/index.js
[2026-01-02T04:39:40.823Z] - /root/.npm/_npx/ea74a7a3cf090e3c/node_modules/azure-functions-core-tools/bin/workers/node/dist/src/worker-bundle.js
[2026-01-02T04:39:40.823Z] - /root/.npm/_npx/ea74a7a3cf090e3c/node_modules/azure-functions-core-tools/bin/workers/node/dist/src/nodejsWorker.js
[2026-01-02T04:39:40.824Z] [api] Registering: admin-keywords
[2026-01-02T04:39:40.824Z] [api] Registering: admin-analytics
[2026-01-02T04:39:40.824Z] [api] Registering: admin-batch-update
[2026-01-02T04:39:40.824Z] [api] Registering: admin-bulk-import-config
[2026-01-02T04:39:40.824Z] [api] Registering: admin-companies-v2
[2026-01-02T04:39:40.824Z] [api] ✓ admin-companies-v2 registered
[2026-01-02T04:39:40.824Z] [api] Registering: admin-company-history
[2026-01-02T04:39:40.824Z] [api] ✓ admin-company-history registered
[2026-01-02T04:39:40.824Z] [api] Registering: xadmin-api-debug
[2026-01-02T04:39:40.824Z] [api] ❌ Failed to load xadmin-api-debug: Cannot find module '@azure/functions'
[2026-01-02T04:39:40.824Z] Require stack:
[2026-01-02T04:39:40.824Z] - /root/app/code/api/admin-debug/index.js
[2026-01-02T04:39:40.824Z] - /root/app/code/api/index.js
[2026-01-02T04:39:40.824Z] - /root/.npm/_npx/ea74a7a3cf090e3c/node_modules/azure-functions-core-tools/bin/workers/node/dist/src/worker-bundle.js
[2026-01-02T04:39:40.824Z] - /root/.npm/_npx/ea74a7a3cf090e3c/node_modules/azure-functions-core-tools/bin/workers/node/dist/src/nodejsWorker.js
[2026-01-02T04:39:40.824Z] [api] ❌ Failed to load admin-echo: Cannot find module '@azure/functions'
[2026-01-02T04:39:40.824Z] Require stack:
[2026-01-02T04:39:40.824Z] - /root/app/code/api/admin-echo/index.js
[2026-01-02T04:39:40.824Z] - /root/app/code/api/index.js
[2026-01-02T04:39:40.824Z] - /root/.npm/_npx/ea74a7a3cf090e3c/node_modules/azure-functions-core-tools/bin/workers/node/dist/src/worker-bundle.js
[2026-01-02T04:39:40.824Z] - /root/.npm/_npx/ea74a7a3cf090e3c/node_modules/azure-functions-core-tools/bin/workers/node/dist/src/nodejsWorker.js
[2026-01-02T04:39:40.824Z] [api] ❌ Failed to load admin-import-stats: Cannot find module '@azure/functions'
[2026-01-02T04:39:40.825Z] Require stack:
[2026-01-02T04:39:40.825Z] - /root/app/code/api/admin-import-stats/index.js
[2026-01-02T04:39:40.825Z] - /root/app/code/api/index.js
[2026-01-02T04:39:40.825Z] - /root/.npm/_npx/ea74a7a3cf090e3c/node_modules/azure-functions-core-tools/bin/workers/node/dist/src/worker-bundle.js
[2026-01-02T04:39:40.825Z] - /root/.npm/_npx/ea74a7a3cf090e3c/node_modules/azure-functions-core-tools/bin/workers/node/dist/src/nodejsWorker.js
[2026-01-02T04:39:40.825Z] [api] ❌ Failed to load admin-login: Cannot find module '@azure/functions'
[2026-01-02T04:39:40.825Z] Require stack:
[2026-01-02T04:39:40.825Z] - /root/app/code/api/admin-login/index.js
[2026-01-02T04:39:40.825Z] - /root/app/code/api/index.js
[2026-01-02T04:39:40.825Z] - /root/.npm/_npx/ea74a7a3cf090e3c/node_modules/azure-functions-core-tools/bin/workers/node/dist/src/worker-bundle.js
[2026-01-02T04:39:40.903Z] - /root/.npm/_npx/ea74a7a3cf090e3c/node_modules/azure-functions-core-tools/bin/workers/node/dist/src/nodejsWorker.js
[2026-01-02T04:39:40.903Z] [api] Registering: admin-echo
[2026-01-02T04:39:40.903Z] [api] Registering: admin-import-stats
[2026-01-02T04:39:40.903Z] [api] Registering: admin-cleanup-import-placeholders
[2026-01-02T04:39:40.903Z] [api] ✓ admin-cleanup-import-placeholders registered
[2026-01-02T04:39:40.903Z] [api] Registering: admin-login
[2026-01-02T04:39:40.903Z] [api] Registering: admin-notes
[2026-01-02T04:39:40.903Z] [api] ❌ Failed to load admin-notes: Cannot find module '@azure/functions'
[2026-01-02T04:39:40.903Z] Require stack:
[2026-01-02T04:39:40.903Z] - /root/app/code/api/admin-notes/index.js
[2026-01-02T04:39:40.903Z] - /root/app/code/api/index.js
[2026-01-02T04:39:40.903Z] - /root/.npm/_npx/ea74a7a3cf090e3c/node_modules/azure-functions-core-tools/bin/workers/node/dist/src/worker-bundle.js
[2026-01-02T04:39:40.903Z] - /root/.npm/_npx/ea74a7a3cf090e3c/node_modules/azure-functions-core-tools/bin/workers/node/dist/src/nodejsWorker.js
[2026-01-02T04:39:40.903Z] [api] ❌ Failed to load admin-recalc-stars: Cannot find module '@azure/functions'
[2026-01-02T04:39:40.904Z] Require stack:
[2026-01-02T04:39:40.904Z] - /root/app/code/api/admin-recalc-stars/index.js
[2026-01-02T04:39:40.904Z] - /root/app/code/api/index.js
[2026-01-02T04:39:40.904Z] - /root/.npm/_npx/ea74a7a3cf090e3c/node_modules/azure-functions-core-tools/bin/workers/node/dist/src/worker-bundle.js
[2026-01-02T04:39:40.904Z] - /root/.npm/_npx/ea74a7a3cf090e3c/node_modules/azure-functions-core-tools/bin/workers/node/dist/src/nodejsWorker.js
[2026-01-02T04:39:40.904Z] [api] ❌ Failed to load admin-reviews: Cannot find module '@azure/functions'
[2026-01-02T04:39:40.904Z] Require stack:
[2026-01-02T04:39:40.904Z] - /root/app/code/api/admin-reviews/index.js
[2026-01-02T04:39:40.904Z] - /root/app/code/api/index.js
[2026-01-02T04:39:40.904Z] [api] Registering: admin-recalc-stars
[2026-01-02T04:39:40.904Z] [api] Registering: admin-reviews
[2026-01-02T04:39:40.904Z] [api] Registering: admin-save-diagnostic
[2026-01-02T04:39:40.904Z] [api] Registering: admin-star-config
[2026-01-02T04:39:40.904Z] [api] Registering: admin-undo
[2026-01-02T04:39:40.904Z] [api] Registering: admin-undo-history
[2026-01-02T04:39:40.904Z] [api] Registering: admin-update-logos
[2026-01-02T04:39:40.904Z] - /root/.npm/_npx/ea74a7a3cf090e3c/node_modules/azure-functions-core-tools/bin/workers/node/dist/src/worker-bundle.js
[2026-01-02T04:39:40.904Z] - /root/.npm/_npx/ea74a7a3cf090e3c/node_modules/azure-functions-core-tools/bin/workers/node/dist/src/nodejsWorker.js
[2026-01-02T04:39:40.904Z] [api] ❌ Failed to load admin-save-diagnostic: Cannot find module '@azure/functions'
[2026-01-02T04:39:40.904Z] Require stack:
[2026-01-02T04:39:40.904Z] - /root/app/code/api/admin-save-diagnostic/index.js
[2026-01-02T04:39:40.904Z] - /root/app/code/api/index.js
[2026-01-02T04:39:40.904Z] - /root/.npm/_npx/ea74a7a3cf090e3c/node_modules/azure-functions-core-tools/bin/workers/node/dist/src/worker-bundle.js
[2026-01-02T04:39:40.905Z] - /root/.npm/_npx/ea74a7a3cf090e3c/node_modules/azure-functions-core-tools/bin/workers/node/dist/src/nodejsWorker.js
[2026-01-02T04:39:40.905Z] [api] ❌ Failed to load admin-star-config: Cannot find module '@azure/functions'
[2026-01-02T04:39:40.905Z] Require stack:
[2026-01-02T04:39:40.905Z] - /root/app/code/api/admin-star-config/index.js
[2026-01-02T04:39:40.905Z] - /root/app/code/api/index.js
[2026-01-02T04:39:40.905Z] - /root/.npm/_npx/ea74a7a3cf090e3c/node_modules/azure-functions-core-tools/bin/workers/node/dist/src/worker-bundle.js
[2026-01-02T04:39:40.905Z] - /root/.npm/_npx/ea74a7a3cf090e3c/node_modules/azure-functions-core-tools/bin/workers/node/dist/src/nodejsWorker.js
[2026-01-02T04:39:40.905Z] [api] ❌ Failed to load admin-undo: Cannot find module '@azure/functions'
[2026-01-02T04:39:40.905Z] Require stack:
[2026-01-02T04:39:40.905Z] - /root/app/code/api/admin-undo/index.js
[2026-01-02T04:39:40.905Z] - /root/app/code/api/index.js
[2026-01-02T04:39:40.905Z] - /root/.npm/_npx/ea74a7a3cf090e3c/node_modules/azure-functions-core-tools/bin/workers/node/dist/src/worker-bundle.js
[2026-01-02T04:39:40.905Z] - /root/.npm/_npx/ea74a7a3cf090e3c/node_modules/azure-functions-core-tools/bin/workers/node/dist/src/nodejsWorker.js
[2026-01-02T04:39:40.905Z] [api] ❌ Failed to load admin-undo-history: Cannot find module '@azure/functions'
[2026-01-02T04:39:40.905Z] Require stack:
[2026-01-02T04:39:40.905Z] - /root/app/code/api/admin-undo-history/index.js
[2026-01-02T04:39:40.905Z] - /root/app/code/api/index.js
[2026-01-02T04:39:40.905Z] - /root/.npm/_npx/ea74a7a3cf090e3c/node_modules/azure-functions-core-tools/bin/workers/node/dist/src/worker-bundle.js
[2026-01-02T04:39:40.905Z] - /root/.npm/_npx/ea74a7a3cf090e3c/node_modules/azure-functions-core-tools/bin/workers/node/dist/src/nodejsWorker.js
[2026-01-02T04:39:40.906Z] [api] ❌ Failed to load admin-update-logos: Cannot find module '@azure/functions'
[2026-01-02T04:39:40.906Z] Require stack:
[2026-01-02T04:39:40.906Z] - /root/app/code/api/admin-update-logos/index.js
[2026-01-02T04:39:40.906Z] - /root/app/code/api/index.js
[2026-01-02T04:39:40.906Z] - /root/.npm/_npx/ea74a7a3cf090e3c/node_modules/azure-functions-core-tools/bin/workers/node/dist/src/worker-bundle.js
[2026-01-02T04:39:40.906Z] - /root/.npm/_npx/ea74a7a3cf090e3c/node_modules/azure-functions-core-tools/bin/workers/node/dist/src/nodejsWorker.js
[2026-01-02T04:39:40.907Z] [api] Registering: admin-recent-imports
[2026-01-02T04:39:40.907Z] [api] ❌ Failed to load admin-recent-imports: Cannot find module '@azure/functions'
[2026-01-02T04:39:40.907Z] Require stack:
[2026-01-02T04:39:40.907Z] - /root/app/code/api/admin-recent-imports/index.js
[2026-01-02T04:39:40.907Z] - /root/app/code/api/index.js
[2026-01-02T04:39:40.907Z] - /root/.npm/_npx/ea74a7a3cf090e3c/node_modules/azure-functions-core-tools/bin/workers/node/dist/src/worker-bundle.js
[2026-01-02T04:39:40.908Z] - /root/.npm/_npx/ea74a7a3cf090e3c/node_modules/azure-functions-core-tools/bin/workers/node/dist/src/nodejsWorker.js
[2026-01-02T04:39:40.908Z] [api] Registering: admin-refresh-import
[2026-01-02T04:39:40.908Z] [api] ❌ Failed to load admin-refresh-import: Cannot find module '@azure/functions'
[2026-01-02T04:39:40.908Z] Require stack:
[2026-01-02T04:39:40.908Z] - /root/app/code/api/admin-refresh-import/index.js
[2026-01-02T04:39:40.908Z] - /root/app/code/api/index.js
[2026-01-02T04:39:40.983Z] - /root/.npm/_npx/ea74a7a3cf090e3c/node_modules/azure-functions-core-tools/bin/workers/node/dist/src/worker-bundle.js
[2026-01-02T04:39:40.983Z] - /root/.npm/_npx/ea74a7a3cf090e3c/node_modules/azure-functions-core-tools/bin/workers/node/dist/src/nodejsWorker.js
[2026-01-02T04:39:41.144Z] [api] Registering: admin-refresh-company
[2026-01-02T04:39:41.144Z] [api] ✓ admin-refresh-company registered
[2026-01-02T04:39:41.144Z] [api] Registering: xadmin-api-refresh-company
[2026-01-02T04:39:41.144Z] [api] ✓ xadmin-api-refresh-company registered
[2026-01-02T04:39:41.144Z] [api] Registering: admin-refresh-reviews
[2026-01-02T04:39:41.144Z] [api] ✓ admin-refresh-reviews registered
[2026-01-02T04:39:41.144Z] [api] Registering: xadmin-api-refresh-reviews
[2026-01-02T04:39:41.144Z] [api] ✓ xadmin-api-refresh-reviews registered
[2026-01-02T04:39:41.144Z] [api] Registering: admin-geocode-location
[2026-01-02T04:39:41.144Z] [api] ❌ Failed to load admin-geocode-location: Cannot find module '@azure/functions'
[2026-01-02T04:39:41.145Z] Require stack:
[2026-01-02T04:39:41.145Z] - /root/app/code/api/admin-geocode-location/index.js
[2026-01-02T04:39:41.145Z] - /root/app/code/api/index.js
[2026-01-02T04:39:41.145Z] - /root/.npm/_npx/ea74a7a3cf090e3c/node_modules/azure-functions-core-tools/bin/workers/node/dist/src/worker-bundle.js
[2026-01-02T04:39:41.145Z] - /root/.npm/_npx/ea74a7a3cf090e3c/node_modules/azure-functions-core-tools/bin/workers/node/dist/src/nodejsWorker.js
[2026-01-02T04:39:41.145Z] [api/index.js] ✅ All handler registration complete! Exporting app.
[2026-01-02T04:39:41.804Z] No job functions found. Try making your job classes and methods public. If you're using binding extensions (e.g. Azure Storage, ServiceBus, Timers, etc.) make sure you've called the registration method for the extension(s) in your startup code (e.g. builder.AddAzureStorage(), builder.AddServiceBus(), builder.AddTimers(), etc.).
[2026-01-02T04:39:41.945Z] The '_diag-hello' function is in error: '_diag-hello' is not a valid function name.
[2026-01-02T04:39:41.946Z] The 'admin-companies-history' function is in error: The specified route conflicts with one or more built in routes.
[2026-01-02T04:39:41.947Z] The 'admin-company-history' function is in error: The specified route conflicts with one or more built in routes.
For detailed output, run func with --verbose flag.
[2026-01-02T04:39:46.268Z] Host lock lease acquired by instance ID '0000000000000000000000009F8F8C92'.
